<?xml version="1.0" encoding="UTF-8"?>
<testsuite xmlns:xsi="http://www.w3.org/2001/XMLSchema-instance" xsi:noNamespaceSchemaLocation="https://maven.apache.org/surefire/maven-surefire-plugin/xsd/surefire-test-report.xsd" name="com.scholanova.projectstore.repositories.StocksRepositoryTest" time="0.785" tests="1" errors="0" skipped="0" failures="1">
  <properties>
[...]
</properties>
  <testcase name="whenStoreExists_thenReturnsTheStore" classname="com.scholanova.projectstore.repositories.StocksRepositoryTest" time="0.043">
    <failure message="&#10;Expecting:&#10; &lt;true&gt;&#10;to be equal to:&#10; &lt;false&gt;&#10;but was not." type="org.opentest4j.AssertionFailedError"><![CDATA[org.opentest4j.AssertionFailedError: 

Expecting:
 <true>
to be equal to:
 <false>
but was not.
	at com.scholanova.projectstore.repositories.StocksRepositoryTest.whenStoreExists_thenReturnsTheStore(StocksRepositoryTest.java:28)
]]></failure>
    <system-out><![CDATA[2019-12-19 10:05:40.928  INFO 4849 --- [           main] o.s.t.c.support.AbstractContextLoader    : Could not detect default resource locations for test class [com.scholanova.projectstore.repositories.StocksRepositoryTest]: no resource found for suffixes {-context.xml, Context.groovy}.
2019-12-19 10:05:40.933  INFO 4849 --- [           main] o.s.b.t.a.j.JdbcTestContextBootstrapper  : Loaded default TestExecutionListener class names from location [META-INF/spring.factories]: [org.springframework.boot.test.mock.mockito.MockitoTestExecutionListener, org.springframework.boot.test.mock.mockito.ResetMocksTestExecutionListener, org.springframework.boot.test.autoconfigure.restdocs.RestDocsTestExecutionListener, org.springframework.boot.test.autoconfigure.web.client.MockRestServiceServerResetTestExecutionListener, org.springframework.boot.test.autoconfigure.web.servlet.MockMvcPrintOnlyOnFailureTestExecutionListener, org.springframework.boot.test.autoconfigure.web.servlet.WebDriverTestExecutionListener, org.springframework.test.context.web.ServletTestExecutionListener, org.springframework.test.context.support.DirtiesContextBeforeModesTestExecutionListener, org.springframework.test.context.support.DependencyInjectionTestExecutionListener, org.springframework.test.context.support.DirtiesContextTestExecutionListener, org.springframework.test.context.transaction.TransactionalTestExecutionListener, org.springframework.test.context.jdbc.SqlScriptsTestExecutionListener, org.springframework.test.context.event.EventPublishingTestExecutionListener]
2019-12-19 10:05:40.934  INFO 4849 --- [           main] o.s.b.t.a.j.JdbcTestContextBootstrapper  : Using TestExecutionListeners: [org.springframework.test.context.web.ServletTestExecutionListener@74bfdd66, org.springframework.test.context.support.DirtiesContextBeforeModesTestExecutionListener@6fc7e828, org.springframework.boot.test.mock.mockito.MockitoTestExecutionListener@26a9c6df, org.springframework.boot.test.autoconfigure.SpringBootDependencyInjectionTestExecutionListener@2ce24a1a, org.springframework.test.context.support.DirtiesContextTestExecutionListener@26bce60d, org.springframework.test.context.transaction.TransactionalTestExecutionListener@76eadc5a, org.springframework.test.context.jdbc.SqlScriptsTestExecutionListener@1e9d7366, org.springframework.test.context.event.EventPublishingTestExecutionListener@20914835, org.springframework.boot.test.mock.mockito.ResetMocksTestExecutionListener@615c4ea4, org.springframework.boot.test.autoconfigure.restdocs.RestDocsTestExecutionListener@417446d9, org.springframework.boot.test.autoconfigure.web.client.MockRestServiceServerResetTestExecutionListener@34070bd2, org.springframework.boot.test.autoconfigure.web.servlet.MockMvcPrintOnlyOnFailureTestExecutionListener@1e7d3d87, org.springframework.boot.test.autoconfigure.web.servlet.WebDriverTestExecutionListener@1dd76982]

  .   ____          _            __ _ _
 /\\ / ___'_ __ _ _(_)_ __  __ _ \ \ \ \
( ( )\___ | '_ | '_| | '_ \/ _` | \ \ \ \
 \\/  ___)| |_)| | | | | || (_| |  ) ) ) )
  '  |____| .__|_| |_|_| |_\__, | / / / /
 =========|_|==============|___/=/_/_/_/
 :: Spring Boot ::        (v2.2.1.RELEASE)

2019-12-19 10:05:40.978  INFO 4849 --- [           main] c.s.p.repositories.StocksRepositoryTest  : Starting StocksRepositoryTest on eva-X550JX with PID 4849 (started by eva in /home/eva/IdeaProjects/project-store-BE)
2019-12-19 10:05:40.979  INFO 4849 --- [           main] c.s.p.repositories.StocksRepositoryTest  : No active profile set, falling back to default profiles: default
2019-12-19 10:05:41.116  INFO 4849 --- [           main] beddedDataSourceBeanFactoryPostProcessor : Replacing 'dataSource' DataSource bean with embedded version
2019-12-19 10:05:41.187  INFO 4849 --- [           main] o.s.j.d.e.EmbeddedDatabaseFactory        : Starting embedded database: url='jdbc:h2:mem:8f73d905-748e-4677-bee7-cbbb9bfb61b4;DB_CLOSE_DELAY=-1;DB_CLOSE_ON_EXIT=false', username='sa'
2019-12-19 10:05:41.454  INFO 4849 --- [           main] liquibase.executor.jvm.JdbcExecutor      : SELECT COUNT(*) FROM PUBLIC.DATABASECHANGELOGLOCK
2019-12-19 10:05:41.457  INFO 4849 --- [           main] liquibase.executor.jvm.JdbcExecutor      : CREATE TABLE PUBLIC.DATABASECHANGELOGLOCK (ID INT NOT NULL, LOCKED BOOLEAN NOT NULL, LOCKGRANTED TIMESTAMP, LOCKEDBY VARCHAR(255), CONSTRAINT PK_DATABASECHANGELOGLOCK PRIMARY KEY (ID))
2019-12-19 10:05:41.464  INFO 4849 --- [           main] liquibase.executor.jvm.JdbcExecutor      : SELECT COUNT(*) FROM PUBLIC.DATABASECHANGELOGLOCK
2019-12-19 10:05:41.470  INFO 4849 --- [           main] liquibase.executor.jvm.JdbcExecutor      : DELETE FROM PUBLIC.DATABASECHANGELOGLOCK
2019-12-19 10:05:41.477  INFO 4849 --- [           main] liquibase.executor.jvm.JdbcExecutor      : INSERT INTO PUBLIC.DATABASECHANGELOGLOCK (ID, LOCKED) VALUES (1, FALSE)
2019-12-19 10:05:41.479  INFO 4849 --- [           main] liquibase.executor.jvm.JdbcExecutor      : SELECT LOCKED FROM PUBLIC.DATABASECHANGELOGLOCK WHERE ID=1
2019-12-19 10:05:41.488  INFO 4849 --- [           main] l.lockservice.StandardLockService        : Successfully acquired change log lock
2019-12-19 10:05:41.552  INFO 4849 --- [           main] liquibase.changelog.DatabaseChangeLog    : Reading resource: db/schema/001_create_store_table.sql
2019-12-19 10:05:41.564  INFO 4849 --- [           main] liquibase.changelog.DatabaseChangeLog    : Reading resource: db/schema/002_create_stocks_table.sql
2019-12-19 10:05:41.571  INFO 4849 --- [           main] l.c.StandardChangeLogHistoryService      : Creating database history table with name: PUBLIC.DATABASECHANGELOG
2019-12-19 10:05:41.578  INFO 4849 --- [           main] liquibase.executor.jvm.JdbcExecutor      : CREATE TABLE PUBLIC.DATABASECHANGELOG (ID VARCHAR(255) NOT NULL, AUTHOR VARCHAR(255) NOT NULL, FILENAME VARCHAR(255) NOT NULL, DATEEXECUTED TIMESTAMP NOT NULL, ORDEREXECUTED INT NOT NULL, EXECTYPE VARCHAR(10) NOT NULL, MD5SUM VARCHAR(35), DESCRIPTION VARCHAR(255), COMMENTS VARCHAR(255), TAG VARCHAR(255), LIQUIBASE VARCHAR(20), CONTEXTS VARCHAR(255), LABELS VARCHAR(255), DEPLOYMENT_ID VARCHAR(10))
2019-12-19 10:05:41.579  INFO 4849 --- [           main] liquibase.executor.jvm.JdbcExecutor      : SELECT COUNT(*) FROM PUBLIC.DATABASECHANGELOG
2019-12-19 10:05:41.580  INFO 4849 --- [           main] l.c.StandardChangeLogHistoryService      : Reading from PUBLIC.DATABASECHANGELOG
2019-12-19 10:05:41.580  INFO 4849 --- [           main] liquibase.executor.jvm.JdbcExecutor      : SELECT * FROM PUBLIC.DATABASECHANGELOG ORDER BY DATEEXECUTED ASC, ORDEREXECUTED ASC
2019-12-19 10:05:41.581  INFO 4849 --- [           main] liquibase.executor.jvm.JdbcExecutor      : SELECT COUNT(*) FROM PUBLIC.DATABASECHANGELOGLOCK
2019-12-19 10:05:41.584  INFO 4849 --- [           main] liquibase.executor.jvm.JdbcExecutor      : CREATE TABLE IF NOT EXISTS STORES (
  ID                  SERIAL          NOT NULL,
  NAME                VARCHAR(255)    NOT NULL,
  PRIMARY KEY (ID)
)
2019-12-19 10:05:41.586  INFO 4849 --- [           main] liquibase.changelog.ChangeSet            : Custom SQL executed
2019-12-19 10:05:41.586  INFO 4849 --- [           main] liquibase.changelog.ChangeSet            : ChangeSet db/schema/001_create_store_table.sql::1::scholanova ran successfully in 4ms
2019-12-19 10:05:41.586  INFO 4849 --- [           main] liquibase.executor.jvm.JdbcExecutor      : SELECT MAX(ORDEREXECUTED) FROM PUBLIC.DATABASECHANGELOG
2019-12-19 10:05:41.589  INFO 4849 --- [           main] liquibase.executor.jvm.JdbcExecutor      : INSERT INTO PUBLIC.DATABASECHANGELOG (ID, AUTHOR, FILENAME, DATEEXECUTED, ORDEREXECUTED, MD5SUM, DESCRIPTION, COMMENTS, EXECTYPE, CONTEXTS, LABELS, LIQUIBASE, DEPLOYMENT_ID) VALUES ('1', 'scholanova', 'db/schema/001_create_store_table.sql', NOW(), 1, '8:aa8019fb127ab92bd18757cfc92b9854', 'sql', '', 'EXECUTED', NULL, NULL, '3.8.0', '6746341581')
2019-12-19 10:05:41.592  INFO 4849 --- [           main] liquibase.executor.jvm.JdbcExecutor      : CREATE TABLE IF NOT EXISTS STOCKS (
  ID                  SERIAL          NOT NULL,
  NAME                VARCHAR(255)    NOT NULL,
  TYPE				  VARCHAR(255),
  VALUE				  INT,
  IDSTORE			  INT,
  PRIMARY KEY (ID),
  FOREIGN KEY (IDSTORE) REFERENCES STORES(ID)
)
2019-12-19 10:05:41.596  INFO 4849 --- [           main] liquibase.changelog.ChangeSet            : Custom SQL executed
2019-12-19 10:05:41.596  INFO 4849 --- [           main] liquibase.changelog.ChangeSet            : ChangeSet db/schema/002_create_stocks_table.sql::1::scholanova ran successfully in 6ms
2019-12-19 10:05:41.598  INFO 4849 --- [           main] liquibase.executor.jvm.JdbcExecutor      : INSERT INTO PUBLIC.DATABASECHANGELOG (ID, AUTHOR, FILENAME, DATEEXECUTED, ORDEREXECUTED, MD5SUM, DESCRIPTION, COMMENTS, EXECTYPE, CONTEXTS, LABELS, LIQUIBASE, DEPLOYMENT_ID) VALUES ('1', 'scholanova', 'db/schema/002_create_stocks_table.sql', NOW(), 2, '8:bb2059855de72ff7763d28bf6df11217', 'sql', '', 'EXECUTED', NULL, NULL, '3.8.0', '6746341581')
2019-12-19 10:05:41.600  INFO 4849 --- [           main] l.lockservice.StandardLockService        : Successfully released change log lock
2019-12-19 10:05:41.691  INFO 4849 --- [           main] c.s.p.repositories.StocksRepositoryTest  : Started StocksRepositoryTest in 0.754 seconds (JVM running for 5.479)
2019-12-19 10:05:41.712  INFO 4849 --- [           main] o.s.t.c.transaction.TransactionContext   : Began transaction (1) for test context [DefaultTestContext@7f9dbe11 testClass = StocksRepositoryTest, testInstance = com.scholanova.projectstore.repositories.StocksRepositoryTest@17e8caf2, testMethod = whenStoreExists_thenReturnsTheStore@StocksRepositoryTest, testException = [null], mergedContextConfiguration = [MergedContextConfiguration@104cf647 testClass = StocksRepositoryTest, locations = '{}', classes = '{class com.scholanova.projectstore.repositories.StocksRepository}', contextInitializerClasses = '[]', activeProfiles = '{}', propertySourceLocations = '{}', propertySourceProperties = '{org.springframework.boot.test.autoconfigure.jdbc.JdbcTestContextBootstrapper=true}', contextCustomizers = set[[ImportsContextCustomizer@7488c183 key = [org.springframework.boot.autoconfigure.cache.CacheAutoConfiguration, org.springframework.boot.autoconfigure.flyway.FlywayAutoConfiguration, org.springframework.boot.autoconfigure.jdbc.DataSourceAutoConfiguration, org.springframework.boot.autoconfigure.jdbc.DataSourceTransactionManagerAutoConfiguration, org.springframework.boot.autoconfigure.jdbc.JdbcTemplateAutoConfiguration, org.springframework.boot.autoconfigure.liquibase.LiquibaseAutoConfiguration, org.springframework.boot.autoconfigure.transaction.TransactionAutoConfiguration, org.springframework.boot.test.autoconfigure.jdbc.TestDatabaseAutoConfiguration]], org.springframework.boot.test.context.filter.ExcludeFilterContextCustomizer@52e7a6b2, org.springframework.boot.test.json.DuplicateJsonObjectContextCustomizerFactory$DuplicateJsonObjectContextCustomizer@2d9caaeb, org.springframework.boot.test.mock.mockito.MockitoContextCustomizer@0, org.springframework.boot.test.autoconfigure.OverrideAutoConfigurationContextCustomizerFactory$DisableAutoConfigurationContextCustomizer@127a7a2e, org.springframework.boot.test.autoconfigure.filter.TypeExcludeFiltersContextCustomizer@351584c0, org.springframework.boot.test.autoconfigure.properties.PropertyMappingContextCustomizer@92884aec, org.springframework.boot.test.autoconfigure.web.servlet.WebDriverContextCustomizerFactory$Customizer@5117dd67], contextLoader = 'org.springframework.boot.test.context.SpringBootContextLoader', parent = [null]], attributes = map[[empty]]]; transaction manager [org.springframework.jdbc.datasource.DataSourceTransactionManager@66779435]; rollback [true]
2019-12-19 10:05:41.733  INFO 4849 --- [           main] o.s.t.c.transaction.TransactionContext   : Rolled back transaction for test: [DefaultTestContext@7f9dbe11 testClass = StocksRepositoryTest, testInstance = com.scholanova.projectstore.repositories.StocksRepositoryTest@17e8caf2, testMethod = whenStoreExists_thenReturnsTheStore@StocksRepositoryTest, testException = org.opentest4j.AssertionFailedError: 
Expecting:
 <true>
to be equal to:
 <false>
but was not., mergedContextConfiguration = [MergedContextConfiguration@104cf647 testClass = StocksRepositoryTest, locations = '{}', classes = '{class com.scholanova.projectstore.repositories.StocksRepository}', contextInitializerClasses = '[]', activeProfiles = '{}', propertySourceLocations = '{}', propertySourceProperties = '{org.springframework.boot.test.autoconfigure.jdbc.JdbcTestContextBootstrapper=true}', contextCustomizers = set[[ImportsContextCustomizer@7488c183 key = [org.springframework.boot.autoconfigure.cache.CacheAutoConfiguration, org.springframework.boot.autoconfigure.flyway.FlywayAutoConfiguration, org.springframework.boot.autoconfigure.jdbc.DataSourceAutoConfiguration, org.springframework.boot.autoconfigure.jdbc.DataSourceTransactionManagerAutoConfiguration, org.springframework.boot.autoconfigure.jdbc.JdbcTemplateAutoConfiguration, org.springframework.boot.autoconfigure.liquibase.LiquibaseAutoConfiguration, org.springframework.boot.autoconfigure.transaction.TransactionAutoConfiguration, org.springframework.boot.test.autoconfigure.jdbc.TestDatabaseAutoConfiguration]], org.springframework.boot.test.context.filter.ExcludeFilterContextCustomizer@52e7a6b2, org.springframework.boot.test.json.DuplicateJsonObjectContextCustomizerFactory$DuplicateJsonObjectContextCustomizer@2d9caaeb, org.springframework.boot.test.mock.mockito.MockitoContextCustomizer@0, org.springframework.boot.test.autoconfigure.OverrideAutoConfigurationContextCustomizerFactory$DisableAutoConfigurationContextCustomizer@127a7a2e, org.springframework.boot.test.autoconfigure.filter.TypeExcludeFiltersContextCustomizer@351584c0, org.springframework.boot.test.autoconfigure.properties.PropertyMappingContextCustomizer@92884aec, org.springframework.boot.test.autoconfigure.web.servlet.WebDriverContextCustomizerFactory$Customizer@5117dd67], contextLoader = 'org.springframework.boot.test.context.SpringBootContextLoader', parent = [null]], attributes = map[[empty]]]
]]></system-out>
  </testcase>
</testsuite>